# JRE version: 7.0_09-b05
# Java VM: Java HotSpot(TM) Client VM (23.5-b02 mixed mode, sharing windows-x86 )
Heap
 def new generation   total 4928K, used 2339K [0x24590000, 0x24ae0000, 0x29ae0000)
  eden space 4416K,  49% used [0x24590000, 0x247b2618, 0x249e0000)
  from space 512K,  30% used [0x24a60000, 0x24a86808, 0x24ae0000)
  to   space 512K,   0% used [0x249e0000, 0x249e0000, 0x24a60000)
 tenured generation   total 10944K, used 0K [0x29ae0000, 0x2a590000, 0x34590000)
   the space 10944K,   0% used [0x29ae0000, 0x29ae0000, 0x29ae0200, 0x2a590000)
 compacting perm gen  total 12288K, used 138K [0x34590000, 0x35190000, 0x38590000)
   the space 12288K,   1% used [0x34590000, 0x345b29f8, 0x345b2a00, 0x35190000)
    ro space 10240K,  45% used [0x38590000, 0x38a15880, 0x38a15a00, 0x38f90000)
    rw space 12288K,  54% used [0x38f90000, 0x39618a58, 0x39618c00, 0x39b90000)
GC Heap History (10 events):
Event: 8.564 GC heap before
{Heap before GC invocations=0 (full 0):
 def new generation   total 4928K, used 4416K [0x24590000, 0x24ae0000, 0x29ae0000)
  eden space 4416K, 100% used [0x24590000, 0x249e0000, 0x249e0000)
  from space 512K,   0% used [0x249e0000, 0x249e0000, 0x24a60000)
  to   space 512K,   0% used [0x24a60000, 0x24a60000, 0x24ae0000)
 tenured generation   total 10944K, used 0K [0x29ae0000, 0x2a590000, 0x34590000)
   the space 10944K,   0% used [0x29ae0000, 0x29ae0000, 0x29ae0200, 0x2a590000)
 compacting perm gen  total 12288K, used 137K [0x34590000, 0x35190000, 0x38590000)
   the space 12288K,   1% used [0x34590000, 0x345b25b0, 0x345b2600, 0x35190000)
    ro space 10240K,  45% used [0x38590000, 0x38a15880, 0x38a15a00, 0x38f90000)
    rw space 12288K,  54% used [0x38f90000, 0x39618a58, 0x39618c00, 0x39b90000)
Event: 8.566 GC heap after
Heap after GC invocations=1 (full 0):
 def new generation   total 4928K, used 163K [0x24590000, 0x24ae0000, 0x29ae0000)
  eden space 4416K,   0% used [0x24590000, 0x24590000, 0x249e0000)
  from space 512K,  31% used [0x24a60000, 0x24a88ec0, 0x24ae0000)
  to   space 512K,   0% used [0x249e0000, 0x249e0000, 0x24a60000)
 tenured generation   total 10944K, used 0K [0x29ae0000, 0x2a590000, 0x34590000)
   the space 10944K,   0% used [0x29ae0000, 0x29ae0000, 0x29ae0200, 0x2a590000)
 compacting perm gen  total 12288K, used 137K [0x34590000, 0x35190000, 0x38590000)
   the space 12288K,   1% used [0x34590000, 0x345b25b0, 0x345b2600, 0x35190000)
    ro space 10240K,  45% used [0x38590000, 0x38a15880, 0x38a15a00, 0x38f90000)
    rw space 12288K,  54% used [0x38f90000, 0x39618a58, 0x39618c00, 0x39b90000)
}
Event: 12.051 GC heap before
{Heap before GC invocations=1 (full 0):
 def new generation   total 4928K, used 4579K [0x24590000, 0x24ae0000, 0x29ae0000)
  eden space 4416K, 100% used [0x24590000, 0x249e0000, 0x249e0000)
  from space 512K,  31% used [0x24a60000, 0x24a88ec0, 0x24ae0000)
  to   space 512K,   0% used [0x249e0000, 0x249e0000, 0x24a60000)
 tenured generation   total 10944K, used 0K [0x29ae0000, 0x2a590000, 0x34590000)
   the space 10944K,   0% used [0x29ae0000, 0x29ae0000, 0x29ae0200, 0x2a590000)
 compacting perm gen  total 12288K, used 137K [0x34590000, 0x35190000, 0x38590000)
   the space 12288K,   1% used [0x34590000, 0x345b25b0, 0x345b2600, 0x35190000)
    ro space 10240K,  45% used [0x38590000, 0x38a15880, 0x38a15a00, 0x38f90000)
    rw space 12288K,  54% used [0x38f90000, 0x39618a58, 0x39618c00, 0x39b90000)
Event: 12.052 GC heap after
Heap after GC invocations=2 (full 0):
 def new generation   total 4928K, used 163K [0x24590000, 0x24ae0000, 0x29ae0000)
  eden space 4416K,   0% used [0x24590000, 0x24590000, 0x249e0000)
  from space 512K,  31% used [0x249e0000, 0x24a08c60, 0x24a60000)
  to   space 512K,   0% used [0x24a60000, 0x24a60000, 0x24ae0000)
 tenured generation   total 10944K, used 0K [0x29ae0000, 0x2a590000, 0x34590000)
   the space 10944K,   0% used [0x29ae0000, 0x29ae0000, 0x29ae0200, 0x2a590000)
 compacting perm gen  total 12288K, used 137K [0x34590000, 0x35190000, 0x38590000)
   the space 12288K,   1% used [0x34590000, 0x345b25b0, 0x345b2600, 0x35190000)
    ro space 10240K,  45% used [0x38590000, 0x38a15880, 0x38a15a00, 0x38f90000)
    rw space 12288K,  54% used [0x38f90000, 0x39618a58, 0x39618c00, 0x39b90000)
}
Event: 14.457 GC heap before
{Heap before GC invocations=2 (full 0):
 def new generation   total 4928K, used 4579K [0x24590000, 0x24ae0000, 0x29ae0000)
  eden space 4416K, 100% used [0x24590000, 0x249e0000, 0x249e0000)
  from space 512K,  31% used [0x249e0000, 0x24a08c60, 0x24a60000)
  to   space 512K,   0% used [0x24a60000, 0x24a60000, 0x24ae0000)
 tenured generation   total 10944K, used 0K [0x29ae0000, 0x2a590000, 0x34590000)
   the space 10944K,   0% used [0x29ae0000, 0x29ae0000, 0x29ae0200, 0x2a590000)
 compacting perm gen  total 12288K, used 137K [0x34590000, 0x35190000, 0x38590000)
   the space 12288K,   1% used [0x34590000, 0x345b25b0, 0x345b2600, 0x35190000)
    ro space 10240K,  45% used [0x38590000, 0x38a15880, 0x38a15a00, 0x38f90000)
    rw space 12288K,  54% used [0x38f90000, 0x39618a58, 0x39618c00, 0x39b90000)
Event: 14.458 GC heap after
Heap after GC invocations=3 (full 0):
 def new generation   total 4928K, used 163K [0x24590000, 0x24ae0000, 0x29ae0000)
  eden space 4416K,   0% used [0x24590000, 0x24590000, 0x249e0000)
  from space 512K,  31% used [0x24a60000, 0x24a88cd8, 0x24ae0000)
  to   space 512K,   0% used [0x249e0000, 0x249e0000, 0x24a60000)
 tenured generation   total 10944K, used 0K [0x29ae0000, 0x2a590000, 0x34590000)
   the space 10944K,   0% used [0x29ae0000, 0x29ae0000, 0x29ae0200, 0x2a590000)
 compacting perm gen  total 12288K, used 137K [0x34590000, 0x35190000, 0x38590000)
   the space 12288K,   1% used [0x34590000, 0x345b25b0, 0x345b2600, 0x35190000)
    ro space 10240K,  45% used [0x38590000, 0x38a15880, 0x38a15a00, 0x38f90000)
    rw space 12288K,  54% used [0x38f90000, 0x39618a58, 0x39618c00, 0x39b90000)
}
Event: 16.266 GC heap before
{Heap before GC invocations=3 (full 0):
 def new generation   total 4928K, used 4579K [0x24590000, 0x24ae0000, 0x29ae0000)
  eden space 4416K, 100% used [0x24590000, 0x249e0000, 0x249e0000)
  from space 512K,  31% used [0x24a60000, 0x24a88cd8, 0x24ae0000)
  to   space 512K,   0% used [0x249e0000, 0x249e0000, 0x24a60000)
 tenured generation   total 10944K, used 0K [0x29ae0000, 0x2a590000, 0x34590000)
   the space 10944K,   0% used [0x29ae0000, 0x29ae0000, 0x29ae0200, 0x2a590000)
 compacting perm gen  total 12288K, used 137K [0x34590000, 0x35190000, 0x38590000)
   the space 12288K,   1% used [0x34590000, 0x345b25b0, 0x345b2600, 0x35190000)
    ro space 10240K,  45% used [0x38590000, 0x38a15880, 0x38a15a00, 0x38f90000)
    rw space 12288K,  54% used [0x38f90000, 0x39618a58, 0x39618c00, 0x39b90000)
Event: 16.267 GC heap after
Heap after GC invocations=4 (full 0):
 def new generation   total 4928K, used 163K [0x24590000, 0x24ae0000, 0x29ae0000)
  eden space 4416K,   0% used [0x24590000, 0x24590000, 0x249e0000)
  from space 512K,  31% used [0x249e0000, 0x24a08cd8, 0x24a60000)
  to   space 512K,   0% used [0x24a60000, 0x24a60000, 0x24ae0000)
 tenured generation   total 10944K, used 0K [0x29ae0000, 0x2a590000, 0x34590000)
   the space 10944K,   0% used [0x29ae0000, 0x29ae0000, 0x29ae0200, 0x2a590000)
 compacting perm gen  total 12288K, used 137K [0x34590000, 0x35190000, 0x38590000)
   the space 12288K,   1% used [0x34590000, 0x345b25b0, 0x345b2600, 0x35190000)
    ro space 10240K,  45% used [0x38590000, 0x38a15880, 0x38a15a00, 0x38f90000)
    rw space 12288K,  54% used [0x38f90000, 0x39618a58, 0x39618c00, 0x39b90000)
}
Event: 20.092 GC heap before
{Heap before GC invocations=4 (full 0):
 def new generation   total 4928K, used 4579K [0x24590000, 0x24ae0000, 0x29ae0000)
  eden space 4416K, 100% used [0x24590000, 0x249e0000, 0x249e0000)
  from space 512K,  31% used [0x249e0000, 0x24a08cd8, 0x24a60000)
  to   space 512K,   0% used [0x24a60000, 0x24a60000, 0x24ae0000)
 tenured generation   total 10944K, used 0K [0x29ae0000, 0x2a590000, 0x34590000)
   the space 10944K,   0% used [0x29ae0000, 0x29ae0000, 0x29ae0200, 0x2a590000)
 compacting perm gen  total 12288K, used 137K [0x34590000, 0x35190000, 0x38590000)
   the space 12288K,   1% used [0x34590000, 0x345b25b0, 0x345b2600, 0x35190000)
    ro space 10240K,  45% used [0x38590000, 0x38a15880, 0x38a15a00, 0x38f90000)
    rw space 12288K,  54% used [0x38f90000, 0x39618a58, 0x39618c00, 0x39b90000)
Event: 20.093 GC heap after
Heap after GC invocations=5 (full 0):
 def new generation   total 4928K, used 154K [0x24590000, 0x24ae0000, 0x29ae0000)
  eden space 4416K,   0% used [0x24590000, 0x24590000, 0x249e0000)
  from space 512K,  30% used [0x24a60000, 0x24a86808, 0x24ae0000)
  to   space 512K,   0% used [0x249e0000, 0x249e0000, 0x24a60000)
 tenured generation   total 10944K, used 0K [0x29ae0000, 0x2a590000, 0x34590000)
   the space 10944K,   0% used [0x29ae0000, 0x29ae0000, 0x29ae0200, 0x2a590000)
 compacting perm gen  total 12288K, used 137K [0x34590000, 0x35190000, 0x38590000)
   the space 12288K,   1% used [0x34590000, 0x345b25b0, 0x345b2600, 0x35190000)
    ro space 10240K,  45% used [0x38590000, 0x38a15880, 0x38a15a00, 0x38f90000)
    rw space 12288K,  54% used [0x38f90000, 0x39618a58, 0x39618c00, 0x39b90000)
}

